0 info it worked if it ends with ok
1 verbose cli [ '/usr/bin/node',
1 verbose cli   '/usr/bin/npm',
1 verbose cli   'install',
1 verbose cli   '--global',
1 verbose cli   'gulp-cli' ]
2 info using npm@2.15.1
3 info using node@v0.10.47
4 verbose node symlink /usr/bin/node
5 verbose install initial load of /usr/lib/package.json
6 verbose readDependencies loading dependencies from /usr/lib/package.json
7 silly cache add args [ 'gulp-cli', null ]
8 verbose cache add spec gulp-cli
9 silly cache add parsed spec { raw: 'gulp-cli',
9 silly cache add   scope: null,
9 silly cache add   name: 'gulp-cli',
9 silly cache add   rawSpec: '',
9 silly cache add   spec: 'latest',
9 silly cache add   type: 'tag' }
10 silly addNamed gulp-cli@latest
11 verbose addNamed "latest" is being treated as a dist-tag for gulp-cli
12 info addNameTag [ 'gulp-cli', 'latest' ]
13 silly mapToRegistry name gulp-cli
14 silly mapToRegistry using default registry
15 silly mapToRegistry registry https://registry.npmjs.org/
16 silly mapToRegistry data { raw: 'gulp-cli',
16 silly mapToRegistry   scope: null,
16 silly mapToRegistry   name: 'gulp-cli',
16 silly mapToRegistry   rawSpec: '',
16 silly mapToRegistry   spec: 'latest',
16 silly mapToRegistry   type: 'tag' }
17 silly mapToRegistry uri https://registry.npmjs.org/gulp-cli
18 verbose addNameTag registry:https://registry.npmjs.org/gulp-cli not in flight; fetching
19 verbose request uri https://registry.npmjs.org/gulp-cli
20 verbose request no auth needed
21 info attempt registry request try #1 at 16:35:34
22 verbose request id cf42afee206270dd
23 verbose etag "CQ9FN2U0VRUS0A7BZSK3G8P5W"
24 http request GET https://registry.npmjs.org/gulp-cli
25 http 200 https://registry.npmjs.org/gulp-cli
26 verbose headers { server: 'CouchDB/1.5.0 (Erlang OTP/R16B03)',
26 verbose headers   etag: '"4I8W5MV80XAPO3C4R9WL00DW5"',
26 verbose headers   'content-type': 'application/json',
26 verbose headers   'content-encoding': 'gzip',
26 verbose headers   'cache-control': 'max-age=300',
26 verbose headers   'content-length': '6099',
26 verbose headers   'accept-ranges': 'bytes',
26 verbose headers   date: 'Thu, 06 Oct 2016 14:35:33 GMT',
26 verbose headers   via: '1.1 varnish',
26 verbose headers   age: '257',
26 verbose headers   connection: 'keep-alive',
26 verbose headers   'x-served-by': 'cache-lhr6346-LHR',
26 verbose headers   'x-cache': 'HIT',
26 verbose headers   'x-cache-hits': '2',
26 verbose headers   'x-timer': 'S1475764533.258764,VS0,VE0',
26 verbose headers   vary: 'Accept-Encoding' }
27 silly get cb [ 200,
27 silly get   { server: 'CouchDB/1.5.0 (Erlang OTP/R16B03)',
27 silly get     etag: '"4I8W5MV80XAPO3C4R9WL00DW5"',
27 silly get     'content-type': 'application/json',
27 silly get     'content-encoding': 'gzip',
27 silly get     'cache-control': 'max-age=300',
27 silly get     'content-length': '6099',
27 silly get     'accept-ranges': 'bytes',
27 silly get     date: 'Thu, 06 Oct 2016 14:35:33 GMT',
27 silly get     via: '1.1 varnish',
27 silly get     age: '257',
27 silly get     connection: 'keep-alive',
27 silly get     'x-served-by': 'cache-lhr6346-LHR',
27 silly get     'x-cache': 'HIT',
27 silly get     'x-cache-hits': '2',
27 silly get     'x-timer': 'S1475764533.258764,VS0,VE0',
27 silly get     vary: 'Accept-Encoding' } ]
28 verbose get saving gulp-cli to /home/claucio/.npm/registry.npmjs.org/gulp-cli/.cache.json
29 verbose correctMkdir /home/claucio/.npm correctMkdir not in flight; initializing
30 silly addNameTag next cb for gulp-cli with tag latest
31 silly addNamed gulp-cli@1.2.2
32 verbose addNamed "1.2.2" is a plain semver version for gulp-cli
33 silly cache afterAdd gulp-cli@1.2.2
34 verbose afterAdd /home/claucio/.npm/gulp-cli/1.2.2/package/package.json not in flight; writing
35 verbose correctMkdir /home/claucio/.npm correctMkdir not in flight; initializing
36 verbose afterAdd /home/claucio/.npm/gulp-cli/1.2.2/package/package.json written
37 silly install resolved [ { name: 'gulp-cli',
37 silly install resolved     version: '1.2.2',
37 silly install resolved     description: 'Command line interface for gulp',
37 silly install resolved     author:
37 silly install resolved      { name: 'Gulp Team',
37 silly install resolved        email: 'team@gulpjs.com',
37 silly install resolved        url: 'http://gulpjs.com/' },
37 silly install resolved     contributors: [],
37 silly install resolved     homepage: 'http://gulpjs.com',
37 silly install resolved     repository:
37 silly install resolved      { type: 'git',
37 silly install resolved        url: 'git+https://github.com/gulpjs/gulp-cli.git' },
37 silly install resolved     license: 'MIT',
37 silly install resolved     man: [ 'gulp.1' ],
37 silly install resolved     engines: { node: '>= 0.10' },
37 silly install resolved     main: 'index.js',
37 silly install resolved     bin: { gulp: 'bin/gulp.js' },
37 silly install resolved     files: [ 'index.js', 'lib', 'bin', 'completion', 'gulp.1' ],
37 silly install resolved     scripts:
37 silly install resolved      { coveralls: 'lab -r lcov | coveralls',
37 silly install resolved        lint: 'eslint . && jscs index.js bin/ lib/ test/',
37 silly install resolved        prepublish: 'marked-man --name gulp docs/CLI.md > gulp.1',
37 silly install resolved        pretest: 'npm run lint',
37 silly install resolved        test: 'lab test/*.js -cv -I Reflect',
37 silly install resolved        changelog: 'github-changes -o gulpjs -r gulp-cli -b master -f ./CHANGELOG.md --order-semver --use-commit-body' },
37 silly install resolved     dependencies:
37 silly install resolved      { archy: '^1.0.0',
37 silly install resolved        chalk: '^1.1.0',
37 silly install resolved        'fancy-log': '^1.1.0',
37 silly install resolved        gulplog: '^1.0.0',
37 silly install resolved        interpret: '^1.0.0',
37 silly install resolved        liftoff: '^2.1.0',
37 silly install resolved        'lodash.isfunction': '^3.0.8',
37 silly install resolved        'lodash.isplainobject': '^4.0.4',
37 silly install resolved        'lodash.isstring': '^4.0.1',
37 silly install resolved        'lodash.sortby': '^4.5.0',
37 silly install resolved        matchdep: '^1.0.0',
37 silly install resolved        'mute-stdout': '^1.0.0',
37 silly install resolved        'pretty-hrtime': '^1.0.0',
37 silly install resolved        'semver-greatest-satisfied-range': '^1.0.0',
37 silly install resolved        tildify: '^1.0.0',
37 silly install resolved        v8flags: '^2.0.9',
37 silly install resolved        wreck: '^6.3.0',
37 silly install resolved        yargs: '^3.28.0' },
37 silly install resolved     devDependencies:
37 silly install resolved      { 'babel-preset-es2015': '^6.5.0',
37 silly install resolved        'babel-register': '^6.5.1',
37 silly install resolved        code: '^1.2.1',
37 silly install resolved        coveralls: '^2.7.0',
37 silly install resolved        eslint: '^1.7.3',
37 silly install resolved        'eslint-config-gulp': '^2.0.0',
37 silly install resolved        'fs-extra': '^0.26.1',
37 silly install resolved        'github-changes': '^1.0.1',
37 silly install resolved        gulp: 'github:gulpjs/gulp#4.0',
37 silly install resolved        jscs: '^2.3.5',
37 silly install resolved        'jscs-preset-gulp': '^1.0.0',
37 silly install resolved        lab: '^6.2.0',
37 silly install resolved        'marked-man': '^0.1.3' },
37 silly install resolved     keywords: [ 'build', 'stream', 'system', 'make', 'tool', 'asset', 'pipeline' ],
37 silly install resolved     gitHead: '51b301a043bd5617465fbb73ced86bf2c35a1924',
37 silly install resolved     bugs: { url: 'https://github.com/gulpjs/gulp-cli/issues' },
37 silly install resolved     _id: 'gulp-cli@1.2.2',
37 silly install resolved     _shasum: '7392def6316c6e7939a4f296f3f540151ae3a275',
37 silly install resolved     _from: 'gulp-cli@latest',
37 silly install resolved     _npmVersion: '2.15.2',
37 silly install resolved     _nodeVersion: '0.10.41',
37 silly install resolved     _npmUser: { name: 'phated', email: 'blaine.bublitz@gmail.com' },
37 silly install resolved     maintainers: [ [Object], [Object], [Object] ],
37 silly install resolved     dist:
37 silly install resolved      { shasum: '7392def6316c6e7939a4f296f3f540151ae3a275',
37 silly install resolved        tarball: 'https://registry.npmjs.org/gulp-cli/-/gulp-cli-1.2.2.tgz' },
37 silly install resolved     _npmOperationalInternal:
37 silly install resolved      { host: 'packages-16-east.internal.npmjs.com',
37 silly install resolved        tmp: 'tmp/gulp-cli-1.2.2.tgz_1468605495802_0.5796305062249303' },
37 silly install resolved     directories: {},
37 silly install resolved     _resolved: 'https://registry.npmjs.org/gulp-cli/-/gulp-cli-1.2.2.tgz',
37 silly install resolved     readme: 'ERROR: No README data found!' } ]
38 info install gulp-cli@1.2.2 into /usr/lib
39 info installOne gulp-cli@1.2.2
40 verbose installOne of gulp-cli to /usr/lib not in flight; installing
41 verbose correctMkdir /home/claucio/.npm/_locks correctMkdir not in flight; initializing
42 verbose lock using /home/claucio/.npm/_locks/gulp-cli-250b6426d151cee6.lock for /usr/lib/node_modules/gulp-cli
43 silly install write writing gulp-cli 1.2.2 to /usr/lib/node_modules/gulp-cli
44 verbose unbuild lib/node_modules/gulp-cli
45 silly gentlyRm /usr/lib/node_modules/gulp-cli is being purged from base /usr
46 verbose gentlyRm don't care about contents; nuking /usr/lib/node_modules/gulp-cli
47 verbose tar unpack /home/claucio/.npm/gulp-cli/1.2.2/package.tgz
48 verbose tar unpacking to /usr/lib/node_modules/gulp-cli
49 silly gentlyRm /usr/lib/node_modules/gulp-cli is being purged
50 verbose gentlyRm don't care about contents; nuking /usr/lib/node_modules/gulp-cli
51 silly gunzTarPerm modes [ '775', '664' ]
52 error tar.unpack untar error /home/claucio/.npm/gulp-cli/1.2.2/package.tgz
53 verbose unlock done using /home/claucio/.npm/_locks/gulp-cli-250b6426d151cee6.lock for /usr/lib/node_modules/gulp-cli
54 verbose fstream_path /usr/lib/node_modules/gulp-cli
55 verbose fstream_type Directory
56 verbose fstream_class DirWriter
57 verbose stack Error: EACCES, mkdir '/usr/lib/node_modules/gulp-cli'
58 verbose fstream_stack /usr/lib/node_modules/npm/node_modules/fstream/lib/dir-writer.js:35:25
58 verbose fstream_stack /usr/lib/node_modules/npm/node_modules/mkdirp/index.js:47:53
58 verbose fstream_stack Object.oncomplete (fs.js:108:15)
59 verbose cwd /opt/lampp/htdocs/laravel/AcheiNaFacul
60 error Linux 3.13.0-96-generic
61 error argv "/usr/bin/node" "/usr/bin/npm" "install" "--global" "gulp-cli"
62 error node v0.10.47
63 error npm  v2.15.1
64 error path /usr/lib/node_modules/gulp-cli
65 error code EACCES
66 error errno 3
67 error Error: EACCES, mkdir '/usr/lib/node_modules/gulp-cli'
67 error  { [Error: EACCES, mkdir '/usr/lib/node_modules/gulp-cli']
67 error   errno: 3,
67 error   code: 'EACCES',
67 error   path: '/usr/lib/node_modules/gulp-cli',
67 error   fstream_type: 'Directory',
67 error   fstream_path: '/usr/lib/node_modules/gulp-cli',
67 error   fstream_class: 'DirWriter',
67 error   fstream_stack:
67 error    [ '/usr/lib/node_modules/npm/node_modules/fstream/lib/dir-writer.js:35:25',
67 error      '/usr/lib/node_modules/npm/node_modules/mkdirp/index.js:47:53',
67 error      'Object.oncomplete (fs.js:108:15)' ] }
68 error Please try running this command again as root/Administrator.
69 verbose exit [ 3, true ]
70 verbose unbuild lib/node_modules/gulp-cli
71 silly gentlyRm /usr/lib/node_modules/gulp-cli is being purged from base /usr
72 verbose gentlyRm don't care about contents; nuking /usr/lib/node_modules/gulp-cli
